10:29:15: Creating resource group General
10:29:15: Creating resource group Internal
10:29:15: Creating resource group Autodetect
10:29:15: SceneManagerFactory for type 'DefaultSceneManager' registered.
10:29:15: Registering ResourceManager for type Material
10:29:15: Registering ResourceManager for type Mesh
10:29:15: Registering ResourceManager for type Skeleton
10:29:15: MovableObjectFactory for type 'ParticleSystem' registered.
10:29:15: OverlayElementFactory for type Panel registered.
10:29:15: OverlayElementFactory for type BorderPanel registered.
10:29:15: OverlayElementFactory for type TextArea registered.
10:29:15: Registering ResourceManager for type Font
10:29:15: ArchiveFactory for archive type FileSystem registered.
10:29:15: ArchiveFactory for archive type Zip registered.
10:29:15: ArchiveFactory for archive type EmbeddedZip registered.
10:29:15: DDS codec registering
10:29:15: FreeImage version: 3.15.3
10:29:15: This program uses FreeImage, a free, open source image library supporting all common bitmap formats. See http://freeimage.sourceforge.net for details
10:29:15: Supported formats: bmp,ico,jpg,jif,jpeg,jpe,jng,koa,iff,lbm,mng,pbm,pbm,pcd,pcx,pgm,pgm,png,ppm,ppm,ras,tga,targa,tif,tiff,wap,wbmp,wbm,psd,cut,xbm,xpm,gif,hdr,g3,sgi,exr,j2k,j2c,jp2,pfm,pct,pict,pic,3fr,arw,bay,bmq,cap,cine,cr2,crw,cs1,dc2,dcr,drf,dsc,dng,erf,fff,ia,iiq,k25,kc2,kdc,mdc,mef,mos,mrw,nef,nrw,orf,pef,ptx,pxn,qtk,raf,raw,rdc,rw2,rwl,rwz,sr2,srf,srw,sti
10:29:15: Registering ResourceManager for type HighLevelGpuProgram
10:29:15: Registering ResourceManager for type Compositor
10:29:15: MovableObjectFactory for type 'Entity' registered.
10:29:15: MovableObjectFactory for type 'Light' registered.
10:29:15: MovableObjectFactory for type 'BillboardSet' registered.
10:29:15: MovableObjectFactory for type 'ManualObject' registered.
10:29:15: MovableObjectFactory for type 'BillboardChain' registered.
10:29:15: MovableObjectFactory for type 'RibbonTrail' registered.
10:29:15: Loading library .\RenderSystem_Direct3D9_d
10:29:15: Installing plugin: D3D9 RenderSystem
10:29:15: D3D9 : Direct3D9 Rendering Subsystem created.
10:29:15: D3D9: Driver Detection Starts
10:29:15: D3D9: Driver Detection Ends
10:29:15: Plugin successfully installed
10:29:15: Loading library .\RenderSystem_GL_d
10:29:15: Installing plugin: GL RenderSystem
10:29:15: OpenGL Rendering Subsystem created.
10:29:15: Plugin successfully installed
10:29:15: Loading library .\Plugin_ParticleFX_d
10:29:15: Installing plugin: ParticleFX
10:29:15: Particle Emitter Type 'Point' registered
10:29:15: Particle Emitter Type 'Box' registered
10:29:15: Particle Emitter Type 'Ellipsoid' registered
10:29:15: Particle Emitter Type 'Cylinder' registered
10:29:15: Particle Emitter Type 'Ring' registered
10:29:15: Particle Emitter Type 'HollowEllipsoid' registered
10:29:15: Particle Affector Type 'LinearForce' registered
10:29:15: Particle Affector Type 'ColourFader' registered
10:29:15: Particle Affector Type 'ColourFader2' registered
10:29:15: Particle Affector Type 'ColourImage' registered
10:29:15: Particle Affector Type 'ColourInterpolator' registered
10:29:15: Particle Affector Type 'Scaler' registered
10:29:15: Particle Affector Type 'Rotator' registered
10:29:15: Particle Affector Type 'DirectionRandomiser' registered
10:29:15: Particle Affector Type 'DeflectorPlane' registered
10:29:15: Plugin successfully installed
10:29:15: Loading library .\Plugin_BSPSceneManager_d
10:29:15: Installing plugin: BSP Scene Manager
10:29:15: Plugin successfully installed
10:29:15: Loading library .\Plugin_CgProgramManager_d
10:29:15: Installing plugin: Cg Program Manager
10:29:15: Plugin successfully installed
10:29:15: Loading library .\Plugin_PCZSceneManager_d
10:29:15: Installing plugin: Portal Connected Zone Scene Manager
10:29:15: PCZone Factory Type 'ZoneType_Default' registered
10:29:15: Plugin successfully installed
10:29:15: Loading library .\Plugin_OctreeZone_d
10:29:15: Installing plugin: Octree Zone Factory
10:29:15: Plugin successfully installed
10:29:15: Loading library .\Plugin_OctreeSceneManager_d
10:29:15: Installing plugin: Octree Scene Manager
10:29:15: Plugin successfully installed
10:29:15: *-*-* OGRE Initialising
10:29:15: *-*-* Version 1.8.1 (Byatis)
10:29:15: Creating resource group Essential
10:29:15: Added resource location '../../media/thumbnails' of type 'FileSystem' to resource group 'Essential'
10:29:15: Added resource location '../../media/packs/SdkTrays.zip' of type 'Zip' to resource group 'Essential'
10:29:15: Added resource location '../../media/packs/profiler.zip' of type 'Zip' to resource group 'Essential'
10:29:15: Added resource location '../../media' of type 'FileSystem' to resource group 'General'
10:29:15: Creating resource group Popular
10:29:15: Added resource location '../../media/fonts' of type 'FileSystem' to resource group 'Popular'
10:29:15: Added resource location '../../media/materials/programs' of type 'FileSystem' to resource group 'Popular'
10:29:15: Added resource location '../../media/materials/scripts' of type 'FileSystem' to resource group 'Popular'
10:29:15: Added resource location '../../media/materials/textures' of type 'FileSystem' to resource group 'Popular'
10:29:15: Added resource location '../../media/materials/textures/nvidia' of type 'FileSystem' to resource group 'Popular'
10:29:15: Added resource location '../../media/models' of type 'FileSystem' to resource group 'Popular'
10:29:15: Added resource location '../../media/particle' of type 'FileSystem' to resource group 'Popular'
10:29:15: Added resource location '../../media/DeferredShadingMedia' of type 'FileSystem' to resource group 'Popular'
10:29:15: Added resource location '../../media/PCZAppMedia' of type 'FileSystem' to resource group 'Popular'
10:29:15: Added resource location '../../media/RTShaderLib' of type 'FileSystem' to resource group 'Popular'
10:29:15: Added resource location '../../media/RTShaderLib/materials' of type 'FileSystem' to resource group 'Popular'
10:29:16: Added resource location '../../media/materials/scripts/SSAO' of type 'FileSystem' to resource group 'Popular'
10:29:16: Added resource location '../../media/materials/textures/SSAO' of type 'FileSystem' to resource group 'Popular'
10:29:16: Added resource location '../../media/packs/cubemap.zip' of type 'Zip' to resource group 'Popular'
10:29:16: Added resource location '../../media/packs/cubemapsJS.zip' of type 'Zip' to resource group 'Popular'
10:29:16: Added resource location '../../media/packs/dragon.zip' of type 'Zip' to resource group 'Popular'
10:29:16: Added resource location '../../media/packs/fresneldemo.zip' of type 'Zip' to resource group 'Popular'
10:29:16: Added resource location '../../media/packs/ogretestmap.zip' of type 'Zip' to resource group 'Popular'
10:29:16: Added resource location '../../media/packs/ogredance.zip' of type 'Zip' to resource group 'Popular'
10:29:16: Added resource location '../../media/packs/Sinbad.zip' of type 'Zip' to resource group 'Popular'
10:29:16: Added resource location '../../media/packs/skybox.zip' of type 'Zip' to resource group 'Popular'
10:29:16: Creating resource group Tests
10:29:16: Added resource location '../../media/../../Tests/Media' of type 'FileSystem' to resource group 'Tests'
10:29:16: D3D9 : RenderSystem Option: Allow NVPerfHUD = No
10:29:16: D3D9 : RenderSystem Option: FSAA = 0
10:29:16: D3D9 : RenderSystem Option: Fixed Pipeline Enabled = Yes
10:29:16: D3D9 : RenderSystem Option: Floating-point mode = Fastest
10:29:16: D3D9 : RenderSystem Option: Full Screen = No
10:29:16: D3D9 : RenderSystem Option: Multi device memory hint = Use minimum system memory
10:29:16: D3D9 : RenderSystem Option: Rendering Device = Monitor-1-NVIDIA GeForce GT 335M
10:29:16: D3D9 : RenderSystem Option: Resource Creation Policy = Create on all devices
10:29:16: D3D9 : RenderSystem Option: Use Multihead = Auto
10:29:16: D3D9 : RenderSystem Option: VSync = No
10:29:16: D3D9 : RenderSystem Option: VSync Interval = 1
10:29:16: D3D9 : RenderSystem Option: Video Mode = 800 x 600 @ 32-bit colour
10:29:16: D3D9 : RenderSystem Option: sRGB Gamma Conversion = No
10:29:19: CPU Identifier & Features
10:29:19: -------------------------
10:29:19:  *   CPU ID: GenuineIntel: Genuine Intel(R) CPU           U7300  @ 1.30GHz
10:29:19:  *      SSE: yes
10:29:19:  *     SSE2: yes
10:29:19:  *     SSE3: yes
10:29:19:  *      MMX: yes
10:29:19:  *   MMXEXT: yes
10:29:19:  *    3DNOW: no
10:29:19:  * 3DNOWEXT: no
10:29:19:  *     CMOV: yes
10:29:19:  *      TSC: yes
10:29:19:  *      FPU: yes
10:29:19:  *      PRO: yes
10:29:19:  *       HT: no
10:29:19: -------------------------
10:29:19: D3D9 : Subsystem Initialising
10:29:19: Registering ResourceManager for type Texture
10:29:19: Registering ResourceManager for type GpuProgram
10:29:19: D3D9RenderSystem::_createRenderWindow "SAEMansion Render Window", 800x600 windowed  miscParams: FSAA=0 FSAAHint= colourDepth=32 gamma=false monitorIndex=0 useNVPerfHUD=false vsync=false vsyncInterval=1 
10:29:19: D3D9 : Created D3D9 Rendering Window 'SAEMansion Render Window' : 800x600, 32bpp
10:29:19: D3D9 : WARNING - disabling VSync in windowed mode can cause timing issues at lower frame rates, turn VSync on if you observe this problem.
10:29:19: D3D9: Vertex texture format supported - PF_FLOAT16_RGB
10:29:19: D3D9: Vertex texture format supported - PF_FLOAT16_RGBA
10:29:19: D3D9: Vertex texture format supported - PF_FLOAT32_RGB
10:29:19: D3D9: Vertex texture format supported - PF_FLOAT32_RGBA
10:29:19: D3D9: Vertex texture format supported - PF_FLOAT16_R
10:29:19: D3D9: Vertex texture format supported - PF_FLOAT32_R
10:29:19: D3D9: Vertex texture format supported - PF_FLOAT16_GR
10:29:19: D3D9: Vertex texture format supported - PF_FLOAT32_GR
10:29:19: RenderSystem capabilities
10:29:19: -------------------------
10:29:19: RenderSystem Name: Direct3D9 Rendering Subsystem
10:29:19: GPU Vendor: nvidia
10:29:19: Device Name: Monitor-1-NVIDIA GeForce GT 335M
10:29:19: Driver Version: 8.17.12.6308
10:29:19:  * Fixed function pipeline: yes
10:29:19:  * Hardware generation of mipmaps: yes
10:29:19:  * Texture blending: yes
10:29:19:  * Anisotropic texture filtering: yes
10:29:19:  * Dot product texture operation: yes
10:29:19:  * Cube mapping: yes
10:29:19:  * Hardware stencil buffer: yes
10:29:19:    - Stencil depth: 8
10:29:19:    - Two sided stencil support: yes
10:29:19:    - Wrap stencil values: yes
10:29:19:  * Hardware vertex / index buffers: yes
10:29:19:  * Vertex programs: yes
10:29:19:  * Number of floating-point constants for vertex programs: 256
10:29:19:  * Number of integer constants for vertex programs: 16
10:29:19:  * Number of boolean constants for vertex programs: 16
10:29:19:  * Fragment programs: yes
10:29:19:  * Number of floating-point constants for fragment programs: 224
10:29:19:  * Number of integer constants for fragment programs: 16
10:29:19:  * Number of boolean constants for fragment programs: 16
10:29:19:  * Geometry programs: no
10:29:19:  * Number of floating-point constants for geometry programs: 0
10:29:19:  * Number of integer constants for geometry programs: 8
10:29:19:  * Number of boolean constants for geometry programs: 0
10:29:19:  * Supported Shader Profiles: hlsl ps_1_1 ps_1_2 ps_1_3 ps_1_4 ps_2_0 ps_2_a ps_2_b ps_2_x ps_3_0 vs_1_1 vs_2_0 vs_2_a vs_2_x vs_3_0
10:29:19:  * Texture Compression: yes
10:29:19:    - DXT: yes
10:29:19:    - VTC: no
10:29:19:    - PVRTC: no
10:29:19:  * Scissor Rectangle: yes
10:29:19:  * Hardware Occlusion Query: yes
10:29:19:  * User clip planes: yes
10:29:19:  * VET_UBYTE4 vertex element type: yes
10:29:19:  * Infinite far plane projection: yes
10:29:19:  * Hardware render-to-texture: yes
10:29:19:  * Floating point textures: yes
10:29:19:  * Non-power-of-two textures: yes
10:29:19:  * Volume textures: yes
10:29:19:  * Multiple Render Targets: 4
10:29:19:    - With different bit depths: yes
10:29:19:  * Point Sprites: yes
10:29:19:  * Extended point parameters: yes
10:29:19:  * Max Point Size: 8192
10:29:19:  * Vertex texture fetch: yes
10:29:19:  * Number of world matrices: 0
10:29:19:  * Number of texture units: 8
10:29:19:  * Stencil buffer depth: 8
10:29:19:  * Number of vertex blend matrices: 0
10:29:19:    - Max vertex textures: 4
10:29:19:    - Vertex textures shared: no
10:29:19:  * Render to Vertex Buffer : no
10:29:19:  * DirectX per stage constants: yes
10:29:19: ***************************************
10:29:19: *** D3D9 : Subsystem Initialised OK ***
10:29:19: ***************************************
10:29:19: DefaultWorkQueue('Root') initialising on thread 0050B6F8.
10:29:19: Particle Renderer Type 'billboard' registered
10:29:19: DefaultWorkQueue('Root')::WorkerFunc - thread 005DD118 starting.
10:29:19: DefaultWorkQueue('Root')::WorkerFunc - thread 005DD188 starting.
10:29:19: SceneManagerFactory for type 'BspSceneManager' registered.
10:29:19: Registering ResourceManager for type BspLevel
10:29:19: SceneManagerFactory for type 'PCZSceneManager' registered.
10:29:19: MovableObjectFactory for type 'PCZLight' registered.
10:29:19: MovableObjectFactory for type 'Portal' registered.
10:29:19: MovableObjectFactory for type 'AntiPortal' registered.
10:29:19: PCZone Factory Type 'ZoneType_Octree' registered
10:29:19: SceneManagerFactory for type 'OctreeSceneManager' registered.
10:29:19: Parsing scripts for resource group Autodetect
10:29:19: Finished parsing scripts for resource group Autodetect
10:29:19: Creating resources for group Autodetect
10:29:19: All done
10:29:19: Parsing scripts for resource group Essential
10:29:19: Parsing script SdkTrays.material
10:29:20: Parsing script OgreProfiler.material
10:29:20: Parsing script SdkTrays.fontdef
10:29:20: Parsing script SdkTrays.overlay
10:29:20: Texture: sdk_cursor.png: Loading 1 faces(PF_A8R8G8B8,32x32x1) Internal format is PF_A8R8G8B8,32x32x1.
10:29:20: Texture: sdk_tray.png: Loading 1 faces(PF_A8R8G8B8,64x64x1) Internal format is PF_A8R8G8B8,64x64x1.
10:29:20: Texture: sdk_button_up.png: Loading 1 faces(PF_A8R8G8B8,128x32x1) Internal format is PF_A8R8G8B8,128x32x1.
10:29:20: Texture: sdk_text_box.png: Loading 1 faces(PF_A8R8G8B8,32x32x1) Internal format is PF_A8R8G8B8,32x32x1.
10:29:20: Texture: sdk_mini_tray.png: Loading 1 faces(PF_A8R8G8B8,32x32x1) Internal format is PF_A8R8G8B8,32x32x1.
10:29:20: Texture: sdk_track.png: Loading 1 faces(PF_A8R8G8B8,16x32x1) Internal format is PF_A8R8G8B8,16x32x1.
10:29:20: Texture: sdk_handle.png: Loading 1 faces(PF_A8R8G8B8,16x16x1) Internal format is PF_A8R8G8B8,16x16x1.
10:29:20: Texture: sdk_mini_text_box.png: Loading 1 faces(PF_A8R8G8B8,32x32x1) Internal format is PF_A8R8G8B8,32x32x1.
10:29:20: Texture: sdk_label.png: Loading 1 faces(PF_A8R8G8B8,32x32x1) Internal format is PF_A8R8G8B8,32x32x1.
10:29:20: Texture: sdk_separator.png: Loading 1 faces(PF_A8R8G8B8,64x16x1) Internal format is PF_A8R8G8B8,64x16x1.
10:29:20: Texture: sdk_logo.png: Loading 1 faces(PF_A8R8G8B8,128x64x1) Internal format is PF_A8R8G8B8,128x64x1.
10:29:20: Texture: sdk_shade.png: Loading 1 faces(PF_A8R8G8B8,64x48x1) with 5 generated mipmaps from Image. Internal format is PF_A8R8G8B8,64x48x1.
10:29:20: Texture: sdk_frame.png: Loading 1 faces(PF_A8R8G8B8,32x32x1) Internal format is PF_A8R8G8B8,32x32x1.
10:29:21: Texture: sdk_mini_text_box_over.png: Loading 1 faces(PF_A8R8G8B8,32x32x1) Internal format is PF_A8R8G8B8,32x32x1.
10:29:21: Texture: sdk_pulse.png: Loading 1 faces(PF_R8G8B8,8x1x1) Internal format is PF_X8R8G8B8,8x1x1.
10:29:21: Finished parsing scripts for resource group Essential
10:29:21: Creating resources for group Essential
10:29:21: All done
10:29:21: Parsing scripts for resource group General
10:29:21: Finished parsing scripts for resource group General
10:29:21: Creating resources for group General
10:29:21: All done
10:29:21: Parsing scripts for resource group Internal
10:29:21: Finished parsing scripts for resource group Internal
10:29:21: Creating resources for group Internal
10:29:21: All done
10:29:21: Parsing scripts for resource group Popular
10:29:21: Parsing script Instancing.program
10:29:21: Parsing script DualQuaternion.program
10:29:22: Parsing script Examples.program
10:29:22: OGRE EXCEPTION(2:InvalidParametersException): Parameter called diffuse does not exist.  in GpuProgramParameters::_findNamedConstantDefinition at ..\..\..\..\OgreMain\src\OgreGpuProgramParams.cpp (line 1451)
10:29:22: Compiler error: invalid parameters in Examples.program(256): setting of constant failed
10:29:23: Parsing script StdQuad_vp.program
10:29:23: Parsing script deferred_post.program
10:29:23: Parsing script ShadowCaster.program
10:29:23: Parsing script ASCII.material
10:29:23: Parsing script ASMSwizzle.material
10:29:23: Compiler error: object unsupported by render system in ASMSwizzle.material(1)
10:29:23: Parsing script BlackAndWhite.material
10:29:23: Parsing script Bloom.material
10:29:24: Parsing script Bloom2.material
10:29:24: Parsing script CGSwizzle.material
10:29:25: Parsing script CompositorDemo.material
10:29:25: Parsing script DepthShadowmap.material
10:29:26: Parsing script Dither.material
10:29:26: Parsing script DOF.material
10:29:26: Parsing script DualQuaternion.material
10:29:26: Parsing script Embossed.material
10:29:26: Parsing script Example-Water.material
10:29:26: Parsing script Examples-Advanced.material
10:29:30: Compiler error: object unsupported by render system in Examples-Advanced.material(787)
10:29:30: Parsing script Examples-DynTex.material
10:29:30: Parsing script Examples-Water.material
10:29:30: Parsing script Examples.material
10:29:36: Parsing script facial.material
10:29:36: Parsing script Glass.material
10:29:36: Parsing script GLSLSwizzle.material
10:29:36: Parsing script Halftone.material
10:29:36: Parsing script hdr.material
10:29:37: Parsing script HeatVision.material
10:29:37: Parsing script Hurt.material
10:29:37: Parsing script HWInstancing.material
10:29:38: Parsing script HW_VTFInstancing.material
10:29:39: Parsing script HW_VTF_LUTInstancing.material
10:29:40: Parsing script instancing.material
10:29:41: Parsing script InstancingMisc.material
10:29:41: Parsing script Invert.material
10:29:41: Parsing script IsoSurf.material
10:29:41: Parsing script Laplace.material
10:29:41: Parsing script MotionBlur.material
10:29:41: Parsing script MRTtest.material
10:29:42: Parsing script NightVision.material
10:29:42: Parsing script Ocean.material
10:29:44: Parsing script OffsetMapping.material
10:29:45: Parsing script Ogre.material
10:29:45: Parsing script OldMovie.material
10:29:45: Parsing script OldTV.material
10:29:45: Parsing script ParticleGS.material
10:29:46: OGRE EXCEPTION(7:InternalErrorException): Unable to compile Cg program Ogre/ParticleGS/DisplayVScg: The compile returned an error.
<invalid atom 65535>(249) : warning C7050: "output.color" might be used before being initialized
(0) : error C6015: Output 'POSITION' not completely written
 in CgProgram::compileMicrocode at ..\..\..\..\..\PlugIns\CgProgramManager\src\OgreCgProgramManagerDll.cpp (line 67)
10:29:46: High-level program Ogre/ParticleGS/DisplayVScg encountered an error during loading and is thus not supported.
OGRE EXCEPTION(7:InternalErrorException): Unable to compile Cg program Ogre/ParticleGS/DisplayVScg: The compile returned an error.
<invalid atom 65535>(249) : warning C7050: "output.color" might be used before being initialized
(0) : error C6015: Output 'POSITION' not completely written
 in CgProgram::compileMicrocode at ..\..\..\..\..\PlugIns\CgProgramManager\src\OgreCgProgramManagerDll.cpp (line 67)
10:29:46: Parsing script Penguin.material
10:29:46: Parsing script Posterize.material
10:29:46: Parsing script pssm.material
10:29:46: Parsing script RadialBlur.material
10:29:46: Parsing script RZR-002.material
10:29:46: Parsing script ShaderInstancing.material
10:29:48: Parsing script ShaderSystem.material
10:29:48: Parsing script shadows.material
10:29:49: Parsing script SharpenEdges.material
10:29:49: Parsing script sibenik.material
10:29:49: Parsing script smoke.material
10:29:49: Parsing script Tiling.material
10:29:49: Parsing script VarianceShadowmap.material
10:29:49: Parsing script VTFInstancing.material
10:29:50: Parsing script deferreddemo.material
10:29:50: Parsing script deferred_post.material
10:29:50: Parsing script deferred_post_minilight.material
10:29:50: Parsing script ShadowCaster.material
10:29:50: Parsing script ssao.material
10:29:50: Parsing script ROOM.material
10:29:50: Parsing script DualQuaternionSkinning_Shadow.material
10:29:52: Parsing script HardwareSkinningShadow.material
10:29:53: OGRE EXCEPTION(7:InternalErrorException): Unable to compile Cg program Ogre/RTShader/shadow_receiver_vs: The compile returned an error.
(0) : error C3001: no program defined
 in CgProgram::compileMicrocode at ..\..\..\..\..\PlugIns\CgProgramManager\src\OgreCgProgramManagerDll.cpp (line 67)
10:29:53: High-level program Ogre/RTShader/shadow_receiver_vs encountered an error during loading and is thus not supported.
OGRE EXCEPTION(7:InternalErrorException): Unable to compile Cg program Ogre/RTShader/shadow_receiver_vs: The compile returned an error.
(0) : error C3001: no program defined
 in CgProgram::compileMicrocode at ..\..\..\..\..\PlugIns\CgProgramManager\src\OgreCgProgramManagerDll.cpp (line 67)
10:29:53: OGRE EXCEPTION(2:InvalidParametersException): Named constants have not been initialised, perhaps a compile error. in GpuProgramParameters::_findNamedConstantDefinition at ..\..\..\..\OgreMain\src\OgreGpuProgramParams.cpp (line 1441)
10:29:53: Compiler error: invalid parameters in HardwareSkinningShadow.material(206): setting of constant failed
10:29:53: OGRE EXCEPTION(2:InvalidParametersException): Named constants have not been initialised, perhaps a compile error. in GpuProgramParameters::_findNamedConstantDefinition at ..\..\..\..\OgreMain\src\OgreGpuProgramParams.cpp (line 1441)
10:29:53: Compiler error: invalid parameters in HardwareSkinningShadow.material(207): setting of constant failed
10:29:53: OGRE EXCEPTION(7:InternalErrorException): Unable to compile Cg program Ogre/RTShader/shadow_receiver_ps: The compile returned an error.
(0) : error C3001: no program defined
 in CgProgram::compileMicrocode at ..\..\..\..\..\PlugIns\CgProgramManager\src\OgreCgProgramManagerDll.cpp (line 67)
10:29:53: High-level program Ogre/RTShader/shadow_receiver_ps encountered an error during loading and is thus not supported.
OGRE EXCEPTION(7:InternalErrorException): Unable to compile Cg program Ogre/RTShader/shadow_receiver_ps: The compile returned an error.
(0) : error C3001: no program defined
 in CgProgram::compileMicrocode at ..\..\..\..\..\PlugIns\CgProgramManager\src\OgreCgProgramManagerDll.cpp (line 67)
10:29:53: OGRE EXCEPTION(2:InvalidParametersException): Named constants have not been initialised, perhaps a compile error. in GpuProgramParameters::_findNamedConstantDefinition at ..\..\..\..\OgreMain\src\OgreGpuProgramParams.cpp (line 1441)
10:29:53: Compiler error: invalid parameters in HardwareSkinningShadow.material(219): setting of constant failed
10:29:53: Parsing script RTShaderSystem.material
10:29:54: Compiler error: unknown error in RTShaderSystem.material(23): token "rtshader_system" is not recognized
10:29:54: Compiler error: unknown error in RTShaderSystem.material(52): token "rtshader_system" is not recognized
10:29:54: Compiler error: unknown error in RTShaderSystem.material(81): token "rtshader_system" is not recognized
10:29:54: Compiler error: unknown error in RTShaderSystem.material(110): token "rtshader_system" is not recognized
10:29:54: Compiler error: unknown error in RTShaderSystem.material(146): token "rtshader_system" is not recognized
10:29:54: Compiler error: unknown error in RTShaderSystem.material(81): token "rtshader_system" is not recognized
10:29:54: Compiler error: unknown error in RTShaderSystem.material(162): token "rtshader_system" is not recognized
10:29:54: Compiler error: unknown error in RTShaderSystem.material(81): token "rtshader_system" is not recognized
10:29:54: Compiler error: unknown error in RTShaderSystem.material(110): token "rtshader_system" is not recognized
10:29:54: Compiler error: unknown error in RTShaderSystem.material(211): token "rtshader_system" is not recognized
10:29:54: Parsing script CreaseShading.material
10:29:54: Parsing script Crytek.material
10:29:54: Parsing script GBuffer.material
10:29:54: Parsing script HemisphereMC.material
10:29:55: Parsing script HorizonBased.material
10:29:55: Parsing script ShowDepth.material
10:29:55: Parsing script ShowNormals.material
10:29:55: Parsing script ShowViewPos.material
10:29:56: Parsing script SSAOPost.material
10:29:56: Parsing script UnsharpMask.material
10:29:56: Parsing script Volumetric.material
10:29:57: Parsing script RomanBath.material
10:29:57: Parsing script Sinbad.material
10:29:57: Parsing script emitted_emitter.particle
10:29:57: Parsing script Examples-Water.particle
10:29:57: Parsing script Examples.particle
10:29:59: Parsing script smoke.particle
10:29:59: Parsing script Examples.compositor
10:30:01: Parsing script deferred.compositor
10:30:01: Parsing script ssao.compositor
10:30:01: Parsing script SSAO.compositor
10:30:01: Parsing script SSAOPost.compositor
10:30:01: Parsing script sample.fontdef
10:30:01: Finished parsing scripts for resource group Popular
10:30:01: Creating resources for group Popular
10:30:01: All done
10:30:01: Parsing scripts for resource group Tests
10:30:01: Finished parsing scripts for resource group Tests
10:30:01: Creating resources for group Tests
10:30:01: All done
10:30:01: Mesh: Loading ogrehead.mesh.
10:30:01: Texture: GreenSkin.jpg: Loading 1 faces(PF_R8G8B8,256x256x1) Internal format is PF_X8R8G8B8,256x256x1.
10:30:01: Texture: spheremap.png: Loading 1 faces(PF_R8G8B8,256x256x1) Internal format is PF_X8R8G8B8,256x256x1.
10:30:01: Texture: tusk.jpg: Loading 1 faces(PF_R8G8B8,128x128x1) Internal format is PF_X8R8G8B8,128x128x1.
10:30:01: *** Initializing OIS ***
10:30:02: Font SdkTrays/Caption using texture size 512x256
10:30:02: Info: Freetype returned null for character 160 in font SdkTrays/Caption
10:30:02: Texture: SdkTrays/CaptionTexture: Loading 1 faces(PF_BYTE_LA,512x256x1) with 0 generated mipmaps from Image. Internal format is PF_BYTE_LA,512x256x1.
10:30:02: Font SdkTrays/Value using texture size 512x256
10:30:02: Info: Freetype returned null for character 127 in font SdkTrays/Value
10:30:02: Info: Freetype returned null for character 128 in font SdkTrays/Value
10:30:02: Info: Freetype returned null for character 129 in font SdkTrays/Value
10:30:02: Info: Freetype returned null for character 130 in font SdkTrays/Value
10:30:02: Info: Freetype returned null for character 131 in font SdkTrays/Value
10:30:02: Info: Freetype returned null for character 132 in font SdkTrays/Value
10:30:02: Info: Freetype returned null for character 133 in font SdkTrays/Value
10:30:02: Info: Freetype returned null for character 134 in font SdkTrays/Value
10:30:02: Info: Freetype returned null for character 135 in font SdkTrays/Value
10:30:02: Info: Freetype returned null for character 136 in font SdkTrays/Value
10:30:02: Info: Freetype returned null for character 137 in font SdkTrays/Value
10:30:02: Info: Freetype returned null for character 138 in font SdkTrays/Value
10:30:02: Info: Freetype returned null for character 139 in font SdkTrays/Value
10:30:02: Info: Freetype returned null for character 140 in font SdkTrays/Value
10:30:02: Info: Freetype returned null for character 141 in font SdkTrays/Value
10:30:02: Info: Freetype returned null for character 142 in font SdkTrays/Value
10:30:02: Info: Freetype returned null for character 143 in font SdkTrays/Value
10:30:02: Info: Freetype returned null for character 144 in font SdkTrays/Value
10:30:02: Info: Freetype returned null for character 145 in font SdkTrays/Value
10:30:02: Info: Freetype returned null for character 146 in font SdkTrays/Value
10:30:02: Info: Freetype returned null for character 147 in font SdkTrays/Value
10:30:02: Info: Freetype returned null for character 148 in font SdkTrays/Value
10:30:02: Info: Freetype returned null for character 149 in font SdkTrays/Value
10:30:02: Info: Freetype returned null for character 150 in font SdkTrays/Value
10:30:02: Info: Freetype returned null for character 151 in font SdkTrays/Value
10:30:02: Info: Freetype returned null for character 152 in font SdkTrays/Value
10:30:02: Info: Freetype returned null for character 153 in font SdkTrays/Value
10:30:02: Info: Freetype returned null for character 154 in font SdkTrays/Value
10:30:02: Info: Freetype returned null for character 155 in font SdkTrays/Value
10:30:02: Info: Freetype returned null for character 156 in font SdkTrays/Value
10:30:02: Info: Freetype returned null for character 157 in font SdkTrays/Value
10:30:02: Info: Freetype returned null for character 158 in font SdkTrays/Value
10:30:02: Info: Freetype returned null for character 159 in font SdkTrays/Value
10:30:02: Info: Freetype returned null for character 160 in font SdkTrays/Value
10:30:02: Texture: SdkTrays/ValueTexture: Loading 1 faces(PF_BYTE_LA,512x256x1) with 0 generated mipmaps from Image. Internal format is PF_BYTE_LA,512x256x1.
10:30:05: DefaultWorkQueue('Root') shutting down on thread 0050B6F8.
10:30:05: DefaultWorkQueue('Root')::WorkerFunc - thread 005DD188 stopped.
10:30:05: DefaultWorkQueue('Root')::WorkerFunc - thread 005DD118 stopped.
10:30:05: PCZone Factory Type 'ZoneType_Octree' unregistered
10:30:05: Unregistering ResourceManager for type BspLevel
10:30:05: *-*-* OGRE Shutdown
10:30:05: Unregistering ResourceManager for type Compositor
10:30:05: Unregistering ResourceManager for type Font
10:30:05: Unregistering ResourceManager for type Skeleton
10:30:05: Unregistering ResourceManager for type Mesh
10:30:05: Unregistering ResourceManager for type HighLevelGpuProgram
10:30:05: Uninstalling plugin: Octree Scene Manager
10:30:05: Plugin successfully uninstalled
10:30:05: Unloading library .\Plugin_OctreeSceneManager_d
10:30:05: Uninstalling plugin: Octree Zone Factory
10:30:05: Plugin successfully uninstalled
10:30:05: Unloading library .\Plugin_OctreeZone_d
10:30:05: Uninstalling plugin: Portal Connected Zone Scene Manager
10:30:05: Plugin successfully uninstalled
10:30:05: Unloading library .\Plugin_PCZSceneManager_d
10:30:05: Uninstalling plugin: Cg Program Manager
10:30:05: Plugin successfully uninstalled
10:30:05: Unloading library .\Plugin_CgProgramManager_d
10:30:05: Uninstalling plugin: BSP Scene Manager
10:30:05: Plugin successfully uninstalled
10:30:05: Unloading library .\Plugin_BSPSceneManager_d
10:30:05: Uninstalling plugin: ParticleFX
10:30:05: Plugin successfully uninstalled
10:30:05: Unloading library .\Plugin_ParticleFX_d
10:30:05: Uninstalling plugin: GL RenderSystem
10:30:05: *** Stopping Win32GL Subsystem ***
10:30:05: Plugin successfully uninstalled
10:30:05: Unloading library .\RenderSystem_GL_d
10:30:05: Uninstalling plugin: D3D9 RenderSystem
10:30:06: D3D9 : Shutting down cleanly.
10:30:06: Unregistering ResourceManager for type Texture
10:30:06: Unregistering ResourceManager for type GpuProgram
10:30:06: D3D9 : Direct3D9 Rendering Subsystem destroyed.
10:30:06: Plugin successfully uninstalled
10:30:06: Unloading library .\RenderSystem_Direct3D9_d
10:30:06: Unregistering ResourceManager for type Material
